#
# There is insufficient memory for the Java Runtime Environment to continue.
# Native memory allocation (mmap) failed to map 268435456 bytes for Failed to commit area from 0x0000000701c00000 to 0x0000000711c00000 of length 268435456.
# Possible reasons:
#   The system is out of physical RAM or swap space
#   The process is running with CompressedOops enabled, and the Java Heap may be blocking the growth of the native heap
# Possible solutions:
#   Reduce memory load on the system
#   Increase physical memory or swap space
#   Check if swap backing store is full
#   Decrease Java heap size (-Xmx/-Xms)
#   Decrease number of Java threads
#   Decrease Java thread stack sizes (-Xss)
#   Set larger code cache with -XX:ReservedCodeCacheSize=
# This output file may be truncated or incomplete.
#
#  Out of Memory Error (./src/hotspot/os/windows/os_windows.cpp:3301), pid=12928, tid=15220
#
# JRE version:  (11.0.11+9) (build )
# Java VM: OpenJDK 64-Bit Server VM (11.0.11+9-b60-7590822, mixed mode, sharing, tiered, compressed oops, g1 gc, windows-amd64)
# No core dump will be written. Minidumps are not enabled by default on client versions of Windows
#

---------------  S U M M A R Y ------------

Command Line: 

Host: Intel(R) Core(TM) i5-3470 CPU @ 3.20GHz, 4 cores, 15G,  Windows 10 , 64 bit Build 19041 (10.0.19041.1706)
Time: Tue Jun  7 17:09:37 2022 Pakistan Standard Time elapsed time: 0.019912 seconds (0d 0h 0m 0s)

---------------  T H R E A D  ---------------

Current thread (0x000001592cfd7800):  JavaThread "Unknown thread" [_thread_in_vm, id=15220, stack(0x0000001c2e400000,0x0000001c2e500000)]

Stack: [0x0000001c2e400000,0x0000001c2e500000]
Native frames: (J=compiled Java code, j=interpreted, Vv=VM code, C=native code)
V  [jvm.dll+0x5f214a]
V  [jvm.dll+0x726fb5]
V  [jvm.dll+0x7285cd]
V  [jvm.dll+0x728c83]
V  [jvm.dll+0x243278]
V  [jvm.dll+0x5ef544]
V  [jvm.dll+0x5e4495]
V  [jvm.dll+0x2fec5b]
V  [jvm.dll+0x2febca]
V  [jvm.dll+0x2feaa2]
V  [jvm.dll+0x303986]
V  [jvm.dll+0x34c3a3]
V  [jvm.dll+0x34caa6]
V  [jvm.dll+0x34c4a3]
V  [jvm.dll+0x2d9688]
V  [jvm.dll+0x2da837]
V  [jvm.dll+0x705ba7]
V  [jvm.dll+0x70739c]
V  [jvm.dll+0x3598f9]
V  [jvm.dll+0x6e931e]
V  [jvm.dll+0x3c1c43]
V  [jvm.dll+0x3c3e81]
C  [jli.dll+0x5373]
C  [ucrtbase.dll+0x21bb2]
C  [KERNEL32.DLL+0x17034]
C  [ntdll.dll+0x52651]


---------------  P R O C E S S  ---------------

Threads class SMR info:
_java_thread_list=0x000001592b641210, length=0, elements={
}

Java Threads: ( => current thread )

Other Threads:
  0x000001592cff0000 GCTaskThread "GC Thread#0" [stack: 0x0000001c2e500000,0x0000001c2e600000] [id=15844]
  0x000001592d04f000 ConcurrentGCThread "G1 Main Marker" [stack: 0x0000001c2e600000,0x0000001c2e700000] [id=17796]
  0x000001592d051000 ConcurrentGCThread "G1 Conc#0" [stack: 0x0000001c2e700000,0x0000001c2e800000] [id=13552]

[error occurred during error reporting (printing all threads), id 0xc0000005, EXCEPTION_ACCESS_VIOLATION (0xc0000005) at pc=0x00007ffd27589c47]

VM state:not at safepoint (not fully initialized)

VM Mutex/Monitor currently owned by a thread:  ([mutex/lock_event])
[0x000001592cfd4f00] Heap_lock - owner thread: 0x000001592cfd7800

Heap address: 0x0000000701c00000, size: 4068 MB, Compressed Oops mode: Non-zero based: 0x0000000701c00000
Narrow klass base: 0x0000000000000000, Narrow klass shift: 0

GC Heap History (0 events):
No events

Deoptimization events (0 events):
No events

Classes redefined (0 events):
No events

Internal exceptions (0 events):
No events

Events (1 events):
Event: 0.013 Loaded shared library D:\Android\AndroidStudio\jre\bin\zip.dll


Dynamic libraries:
0x00007ff65c4e0000 - 0x00007ff65c4ea000 	D:\Android\AndroidStudio\jre\bin\java.EXE
0x00007ffd72d30000 - 0x00007ffd72f25000 	C:\Windows\SYSTEM32\ntdll.dll
0x00007ffd71600000 - 0x00007ffd716bd000 	C:\Windows\System32\KERNEL32.DLL
0x00007ffd70440000 - 0x00007ffd7070d000 	C:\Windows\System32\KERNELBASE.dll
0x00007ffd70930000 - 0x00007ffd70a30000 	C:\Windows\System32\ucrtbase.dll
0x00007ffd698b0000 - 0x00007ffd698c9000 	D:\Android\AndroidStudio\jre\bin\jli.dll
0x00007ffd72450000 - 0x00007ffd725f0000 	C:\Windows\System32\USER32.dll
0x00007ffd70820000 - 0x00007ffd70842000 	C:\Windows\System32\win32u.dll
0x00007ffd72620000 - 0x00007ffd7264a000 	C:\Windows\System32\GDI32.dll
0x00007ffd70710000 - 0x00007ffd7081b000 	C:\Windows\System32\gdi32full.dll
0x00007ffd70ce0000 - 0x00007ffd70d7d000 	C:\Windows\System32\msvcp_win.dll
0x00007ffd698d0000 - 0x00007ffd698e7000 	D:\Android\AndroidStudio\jre\bin\VCRUNTIME140.dll
0x00007ffd59690000 - 0x00007ffd5992a000 	C:\Windows\WinSxS\amd64_microsoft.windows.common-controls_6595b64144ccf1df_6.0.19041.1110_none_60b5254171f9507e\COMCTL32.dll
0x00007ffd718c0000 - 0x00007ffd7195e000 	C:\Windows\System32\msvcrt.dll
0x00007ffd721c0000 - 0x00007ffd721f0000 	C:\Windows\System32\IMM32.DLL
0x00007ffd54910000 - 0x00007ffd549ad000 	D:\Android\AndroidStudio\jre\bin\msvcp140.dll
0x00007ffd272a0000 - 0x00007ffd27d75000 	D:\Android\AndroidStudio\jre\bin\server\jvm.dll
0x00007ffd71800000 - 0x00007ffd718ae000 	C:\Windows\System32\ADVAPI32.dll
0x00007ffd72700000 - 0x00007ffd7279c000 	C:\Windows\System32\sechost.dll
0x00007ffd70ea0000 - 0x00007ffd70fc5000 	C:\Windows\System32\RPCRT4.dll
0x00007ffd721b0000 - 0x00007ffd721b8000 	C:\Windows\System32\PSAPI.DLL
0x00007ffd6c0e0000 - 0x00007ffd6c0e9000 	C:\Windows\SYSTEM32\WSOCK32.dll
0x00007ffd719f0000 - 0x00007ffd71a5b000 	C:\Windows\System32\WS2_32.dll
0x00007ffd65f80000 - 0x00007ffd65fa7000 	C:\Windows\SYSTEM32\WINMM.dll
0x00007ffd67530000 - 0x00007ffd6753a000 	C:\Windows\SYSTEM32\VERSION.dll
0x00007ffd6e320000 - 0x00007ffd6e332000 	C:\Windows\SYSTEM32\kernel.appcore.dll
0x00007ffd5dfa0000 - 0x00007ffd5dfb1000 	D:\Android\AndroidStudio\jre\bin\verify.dll
0x00007ffd5e370000 - 0x00007ffd5e554000 	C:\Windows\SYSTEM32\DBGHELP.DLL
0x00007ffd5dbf0000 - 0x00007ffd5dc1c000 	C:\Windows\SYSTEM32\dbgcore.DLL
0x00007ffd70850000 - 0x00007ffd708d2000 	C:\Windows\System32\bcryptPrimitives.dll
0x00007ffd5de90000 - 0x00007ffd5deb9000 	D:\Android\AndroidStudio\jre\bin\java.dll
0x00007ffd64d90000 - 0x00007ffd64d9b000 	D:\Android\AndroidStudio\jre\bin\jimage.dll
0x00007ffd5de70000 - 0x00007ffd5de88000 	D:\Android\AndroidStudio\jre\bin\zip.dll

dbghelp: loaded successfully - version: 4.0.5 - missing functions: none
symbol engine: initialized successfully - sym options: 0x614 - pdb path: .;D:\Android\AndroidStudio\jre\bin;C:\Windows\SYSTEM32;C:\Windows\WinSxS\amd64_microsoft.windows.common-controls_6595b64144ccf1df_6.0.19041.1110_none_60b5254171f9507e;D:\Android\AndroidStudio\jre\bin\server

VM Arguments:
java_command: <unknown>
java_class_path (initial): <not set>
Launcher Type: SUN_STANDARD

[Global flags]
     intx CICompilerCount                          = 3                                         {product} {ergonomic}
     uint ConcGCThreads                            = 1                                         {product} {ergonomic}
     uint G1ConcRefinementThreads                  = 4                                         {product} {ergonomic}
   size_t G1HeapRegionSize                         = 1048576                                   {product} {ergonomic}
    uintx GCDrainStackTargetSize                   = 64                                        {product} {ergonomic}
   size_t InitialHeapSize                          = 268435456                                 {product} {ergonomic}
   size_t MarkStackSize                            = 4194304                                   {product} {ergonomic}
   size_t MaxHeapSize                              = 4265607168                                {product} {ergonomic}
   size_t MinHeapDeltaBytes                        = 1048576                                   {product} {ergonomic}
    uintx NonNMethodCodeHeapSize                   = 5830732                                {pd product} {ergonomic}
    uintx NonProfiledCodeHeapSize                  = 122913754                              {pd product} {ergonomic}
    uintx ProfiledCodeHeapSize                     = 122913754                              {pd product} {ergonomic}
    uintx ReservedCodeCacheSize                    = 251658240                              {pd product} {ergonomic}
     bool SegmentedCodeCache                       = true                                      {product} {ergonomic}
     bool UseCompressedClassPointers               = true                                 {lp64_product} {ergonomic}
     bool UseCompressedOops                        = true                                 {lp64_product} {ergonomic}
     bool UseG1GC                                  = true                                      {product} {ergonomic}
     bool UseLargePagesIndividualAllocation        = false                                  {pd product} {ergonomic}

Logging:
Log output configuration:
 #0: stdout all=warning uptime,level,tags
 #1: stderr all=off uptime,level,tags

Environment Variables:
PATH=C:\Program Files\Common Files\Oracle\Java\javapath;C:\Program Files (x86)\Common Files\Oracle\Java\javapath;C:\Program Files (x86)\Business Objects\Common\3.5\bin\NOTES\;C:\Program Files (x86)\Business Objects\Common\3.5\bin\NOTES\DATA\;C:\Windows\system32;C:\Windows;C:\Windows\System32\Wbem;C:\Windows\System32\WindowsPowerShell\v1.0\;C:\Windows\System32\OpenSSH\;C:\Program Files (x86)\Microsoft SQL Server\110\Tools\Binn\ManagementStudio\;C:\Program Files (x86)\Microsoft SQL Server\110\Tools\Binn\;C:\Program Files\Microsoft SQL Server\110\Tools\Binn\;C:\Program Files (x86)\Microsoft SQL Server\110\DTS\Binn\;C:\Program Files\Microsoft SQL Server\130\Tools\Binn\;C:\Program Files\Microsoft SQL Server\Client SDK\ODBC\170\Tools\Binn\;C:\Program Files (x86)\Microsoft SQL Server\150\DTS\Binn\;C:\Program Files\Azure Data Studio\bin;C:\Program Files\Git\cmd;C:\Program Files\dotnet\;C:\Users\S.IBTAHAJ AHMED\AppData\Roaming\npm;C:\Program Files (x86)\dotnet\;C:\Program Files\nodejs\node_modules\npm\bin;C:\Program Files\nodejs\nodevars.bat;C:\Users\m.uzair\AppData\Roaming\npm;C:\Program Files\nodejs\;C:\Users\S.IBTAHAJ AHMED\AppData\Local\Microsoft\WindowsApps;C:\Program Files\JetBrains\WebStorm 2021.3.2\bin;;C:\Users\S.IBTAHAJ AHMED\AppData\Local\Programs\Microsoft VS Code\bin;C:\Users\S.IBTAHAJ AHMED\AppData\Roaming\npm;D:\src\flutter\bin;C:\Users\S.IBTAHAJ AHMED\AppData\Local\GitHubDesktop\bin;D:\src\flutter\bin\mingit\cmd
USERNAME=s.ibtahaj ahmed
OS=Windows_NT
PROCESSOR_IDENTIFIER=Intel64 Family 6 Model 58 Stepping 9, GenuineIntel



---------------  S Y S T E M  ---------------

OS: Windows 10 , 64 bit Build 19041 (10.0.19041.1706)
OS uptime: 7 days 5:26 hours
Hyper-V role detected

CPU:total 4 (initial active 4) (4 cores per cpu, 1 threads per core) family 6 model 58 stepping 9 microcode 0x21, cmov, cx8, fxsr, mmx, sse, sse2, sse3, ssse3, sse4.1, sse4.2, popcnt, avx, aes, clmul, erms, tsc, tscinvbit, tscinv

Memory: 4k page, system-wide physical 16270M (1594M free)
TotalPageFile size 20717M (AvailPageFile size 126M)
current process WorkingSet (physical memory assigned to process): 10M, peak: 10M
current process commit charge ("private bytes"): 52M, peak: 307M

vm_info: OpenJDK 64-Bit Server VM (11.0.11+9-b60-7590822) for windows-amd64 JRE (11.0.11+9-b60-7590822), built on Jul 29 2021 21:43:44 by "builder" with MS VC++ 14.0 (VS2015)

END.
