#
# There is insufficient memory for the Java Runtime Environment to continue.
# Native memory allocation (mmap) failed to map 268435456 bytes for G1 virtual space
# Possible reasons:
#   The system is out of physical RAM or swap space
#   The process is running with CompressedOops enabled, and the Java Heap may be blocking the growth of the native heap
# Possible solutions:
#   Reduce memory load on the system
#   Increase physical memory or swap space
#   Check if swap backing store is full
#   Decrease Java heap size (-Xmx/-Xms)
#   Decrease number of Java threads
#   Decrease Java thread stack sizes (-Xss)
#   Set larger code cache with -XX:ReservedCodeCacheSize=
#   JVM is running with Zero Based Compressed Oops mode in which the Java heap is
#     placed in the first 32GB address space. The Java Heap base address is the
#     maximum limit for the native heap growth. Please use -XX:HeapBaseMinAddress
#     to set the Java Heap base and to place the Java Heap above 32GB virtual address.
# This output file may be truncated or incomplete.
#
#  Out of Memory Error (os_windows.cpp:3466), pid=12156, tid=14776
#
# JRE version:  (16.0.2+7) (build )
# Java VM: Java HotSpot(TM) 64-Bit Server VM (16.0.2+7-67, mixed mode, sharing, tiered, compressed oops, compressed class ptrs, g1 gc, windows-amd64)
# No core dump will be written. Minidumps are not enabled by default on client versions of Windows
#

---------------  S U M M A R Y ------------

Command Line: 

Host: Intel(R) Core(TM) i5-3470 CPU @ 3.20GHz, 4 cores, 15G,  Windows 10 , 64 bit Build 19041 (10.0.19041.1706)
Time: Tue Jun  7 17:09:37 2022 Pakistan Standard Time elapsed time: 0.061180 seconds (0d 0h 0m 0s)

---------------  T H R E A D  ---------------

Current thread (0x000002312b14b200):  JavaThread "Unknown thread" [_thread_in_vm, id=14776, stack(0x0000008bdbd00000,0x0000008bdbe00000)]

Stack: [0x0000008bdbd00000,0x0000008bdbe00000]
Native frames: (J=compiled Java code, j=interpreted, Vv=VM code, C=native code)
V  [jvm.dll+0x6681ca]
V  [jvm.dll+0x7c9e69]
V  [jvm.dll+0x7cb61e]
V  [jvm.dll+0x7cbc73]
V  [jvm.dll+0x242c55]
V  [jvm.dll+0x664f89]
V  [jvm.dll+0x659b75]
V  [jvm.dll+0x2fbfbb]
V  [jvm.dll+0x3031b6]
V  [jvm.dll+0x35299e]
V  [jvm.dll+0x352bcf]
V  [jvm.dll+0x2d3028]
V  [jvm.dll+0x2d4264]
V  [jvm.dll+0x79c741]
V  [jvm.dll+0x360791]
V  [jvm.dll+0x77a3f0]
V  [jvm.dll+0x3e4e8f]
V  [jvm.dll+0x3e6961]
C  [jli.dll+0x52fb]
C  [ucrtbase.dll+0x21bb2]
C  [KERNEL32.DLL+0x17034]
C  [ntdll.dll+0x52651]


---------------  P R O C E S S  ---------------

Threads class SMR info:
_java_thread_list=0x00007ffce7f1cbb8, length=0, elements={
}

Java Threads: ( => current thread )

Other Threads:
  0x000002312b19ab40 GCTaskThread "GC Thread#0" [stack: 0x0000008bdbe00000,0x0000008bdbf00000] [id=18004]
  0x000002312b1ac160 ConcurrentGCThread "G1 Main Marker" [stack: 0x0000008bdbf00000,0x0000008bdc000000] [id=20400]
  0x000002312b1acbd0 ConcurrentGCThread "G1 Conc#0" [stack: 0x0000008bdc000000,0x0000008bdc100000] [id=18624]

[error occurred during error reporting (printing all threads), id 0xc0000005, EXCEPTION_ACCESS_VIOLATION (0xc0000005) at pc=0x00007ffce76f3ee7]

VM state: not at safepoint (not fully initialized)

VM Mutex/Monitor currently owned by a thread:  ([mutex/lock_event])
[0x000002312b146ee0] Heap_lock - owner thread: 0x000002312b14b200

Heap address: 0x0000000701c00000, size: 4068 MB, Compressed Oops mode: Zero based, Oop shift amount: 3

CDS archive(s) mapped at: [0x0000000000000000-0x0000000000000000-0x0000000000000000), size 0, SharedBaseAddress: 0x0000000800000000, ArchiveRelocationMode: 0.
Narrow klass base: 0x0000000000000000, Narrow klass shift: 0, Narrow klass range: 0x0

GC Precious Log:
<Empty>

Heap:
 garbage-first heap   total 0K, used 0K [0x0000000701c00000, 0x0000000800000000)
  region size 2048K, 0 young (0K), 0 survivors (0K)

[error occurred during error reporting (printing heap information), id 0xc0000005, EXCEPTION_ACCESS_VIOLATION (0xc0000005) at pc=0x00007ffce7ad1eed]

GC Heap History (0 events):
No events

Deoptimization events (0 events):
No events

Classes unloaded (0 events):
No events

Classes redefined (0 events):
No events

Internal exceptions (0 events):
No events

Events (1 events):
Event: 0.033 Loaded shared library C:\Program Files\Java\jdk-16.0.2\bin\java.dll


Dynamic libraries:
0x00007ff6070b0000 - 0x00007ff6070c0000 	C:\Program Files\Java\jdk-16.0.2\bin\java.exe
0x00007ffd72d30000 - 0x00007ffd72f25000 	C:\Windows\SYSTEM32\ntdll.dll
0x00007ffd71600000 - 0x00007ffd716bd000 	C:\Windows\System32\KERNEL32.DLL
0x00007ffd70440000 - 0x00007ffd7070d000 	C:\Windows\System32\KERNELBASE.dll
0x00007ffd70930000 - 0x00007ffd70a30000 	C:\Windows\System32\ucrtbase.dll
0x00007ffd49760000 - 0x00007ffd49778000 	C:\Program Files\Java\jdk-16.0.2\bin\jli.dll
0x00007ffd71800000 - 0x00007ffd718ae000 	C:\Windows\System32\ADVAPI32.dll
0x00007ffd718c0000 - 0x00007ffd7195e000 	C:\Windows\System32\msvcrt.dll
0x00007ffd72700000 - 0x00007ffd7279c000 	C:\Windows\System32\sechost.dll
0x00007ffd70ea0000 - 0x00007ffd70fc5000 	C:\Windows\System32\RPCRT4.dll
0x00007ffd3b790000 - 0x00007ffd3b7a9000 	C:\Program Files\Java\jdk-16.0.2\bin\VCRUNTIME140.dll
0x00007ffd72450000 - 0x00007ffd725f0000 	C:\Windows\System32\USER32.dll
0x00007ffd70820000 - 0x00007ffd70842000 	C:\Windows\System32\win32u.dll
0x00007ffd72620000 - 0x00007ffd7264a000 	C:\Windows\System32\GDI32.dll
0x00007ffd70710000 - 0x00007ffd7081b000 	C:\Windows\System32\gdi32full.dll
0x00007ffd70ce0000 - 0x00007ffd70d7d000 	C:\Windows\System32\msvcp_win.dll
0x00007ffd59690000 - 0x00007ffd5992a000 	C:\Windows\WinSxS\amd64_microsoft.windows.common-controls_6595b64144ccf1df_6.0.19041.1110_none_60b5254171f9507e\COMCTL32.dll
0x00007ffd67530000 - 0x00007ffd6753a000 	C:\Windows\SYSTEM32\VERSION.dll
0x00007ffd721c0000 - 0x00007ffd721f0000 	C:\Windows\System32\IMM32.DLL
0x00007ffd548a0000 - 0x00007ffd548ac000 	C:\Program Files\Java\jdk-16.0.2\bin\vcruntime140_1.dll
0x00007ffd28bf0000 - 0x00007ffd28c81000 	C:\Program Files\Java\jdk-16.0.2\bin\msvcp140.dll
0x00007ffce7410000 - 0x00007ffce7fbb000 	C:\Program Files\Java\jdk-16.0.2\bin\server\jvm.dll
0x00007ffd721b0000 - 0x00007ffd721b8000 	C:\Windows\System32\PSAPI.DLL
0x00007ffd6c0e0000 - 0x00007ffd6c0e9000 	C:\Windows\SYSTEM32\WSOCK32.dll
0x00007ffd719f0000 - 0x00007ffd71a5b000 	C:\Windows\System32\WS2_32.dll
0x00007ffd65f80000 - 0x00007ffd65fa7000 	C:\Windows\SYSTEM32\WINMM.dll
0x00007ffd6e320000 - 0x00007ffd6e332000 	C:\Windows\SYSTEM32\kernel.appcore.dll
0x00007ffd52920000 - 0x00007ffd5292a000 	C:\Program Files\Java\jdk-16.0.2\bin\jimage.dll
0x00007ffd5e370000 - 0x00007ffd5e554000 	C:\Windows\SYSTEM32\DBGHELP.DLL
0x00007ffd5dbf0000 - 0x00007ffd5dc1c000 	C:\Windows\SYSTEM32\dbgcore.DLL
0x00007ffd70850000 - 0x00007ffd708d2000 	C:\Windows\System32\bcryptPrimitives.dll
0x00007ffd36550000 - 0x00007ffd36575000 	C:\Program Files\Java\jdk-16.0.2\bin\java.dll

dbghelp: loaded successfully - version: 4.0.5 - missing functions: none
symbol engine: initialized successfully - sym options: 0x614 - pdb path: .;C:\Program Files\Java\jdk-16.0.2\bin;C:\Windows\SYSTEM32;C:\Windows\WinSxS\amd64_microsoft.windows.common-controls_6595b64144ccf1df_6.0.19041.1110_none_60b5254171f9507e;C:\Program Files\Java\jdk-16.0.2\bin\server

VM Arguments:
java_command: <unknown>
java_class_path (initial): <not set>
Launcher Type: SUN_STANDARD

[Global flags]
     intx CICompilerCount                          = 3                                         {product} {ergonomic}
     uint ConcGCThreads                            = 1                                         {product} {ergonomic}
     uint G1ConcRefinementThreads                  = 4                                         {product} {ergonomic}
   size_t G1HeapRegionSize                         = 2097152                                   {product} {ergonomic}
    uintx GCDrainStackTargetSize                   = 64                                        {product} {ergonomic}
   size_t InitialHeapSize                          = 268435456                                 {product} {ergonomic}
   size_t MarkStackSize                            = 4194304                                   {product} {ergonomic}
   size_t MaxHeapSize                              = 4265607168                                {product} {ergonomic}
   size_t MinHeapDeltaBytes                        = 2097152                                   {product} {ergonomic}
   size_t MinHeapSize                              = 8388608                                   {product} {ergonomic}
    uintx NonNMethodCodeHeapSize                   = 5832780                                {pd product} {ergonomic}
    uintx NonProfiledCodeHeapSize                  = 122912730                              {pd product} {ergonomic}
    uintx ProfiledCodeHeapSize                     = 122912730                              {pd product} {ergonomic}
    uintx ReservedCodeCacheSize                    = 251658240                              {pd product} {ergonomic}
     bool SegmentedCodeCache                       = true                                      {product} {ergonomic}
   size_t SoftMaxHeapSize                          = 4265607168                             {manageable} {ergonomic}
     bool UseCompressedClassPointers               = true                           {product lp64_product} {ergonomic}
     bool UseCompressedOops                        = true                           {product lp64_product} {ergonomic}
     bool UseG1GC                                  = true                                      {product} {ergonomic}
     bool UseLargePagesIndividualAllocation        = false                                  {pd product} {ergonomic}

Logging:
Log output configuration:
 #0: stdout all=warning uptime,level,tags
 #1: stderr all=off uptime,level,tags

Environment Variables:
PATH=C:\Program Files\Common Files\Oracle\Java\javapath;C:\Program Files (x86)\Common Files\Oracle\Java\javapath;C:\Program Files (x86)\Business Objects\Common\3.5\bin\NOTES\;C:\Program Files (x86)\Business Objects\Common\3.5\bin\NOTES\DATA\;C:\Windows\system32;C:\Windows;C:\Windows\System32\Wbem;C:\Windows\System32\WindowsPowerShell\v1.0\;C:\Windows\System32\OpenSSH\;C:\Program Files (x86)\Microsoft SQL Server\110\Tools\Binn\ManagementStudio\;C:\Program Files (x86)\Microsoft SQL Server\110\Tools\Binn\;C:\Program Files\Microsoft SQL Server\110\Tools\Binn\;C:\Program Files (x86)\Microsoft SQL Server\110\DTS\Binn\;C:\Program Files\Microsoft SQL Server\130\Tools\Binn\;C:\Program Files\Microsoft SQL Server\Client SDK\ODBC\170\Tools\Binn\;C:\Program Files (x86)\Microsoft SQL Server\150\DTS\Binn\;C:\Program Files\Azure Data Studio\bin;C:\Program Files\Git\cmd;C:\Program Files\dotnet\;C:\Users\S.IBTAHAJ AHMED\AppData\Roaming\npm;C:\Program Files (x86)\dotnet\;C:\Program Files\nodejs\node_modules\npm\bin;C:\Program Files\nodejs\nodevars.bat;C:\Users\m.uzair\AppData\Roaming\npm;C:\Program Files\nodejs\;C:\Users\S.IBTAHAJ AHMED\AppData\Local\Microsoft\WindowsApps;C:\Program Files\JetBrains\WebStorm 2021.3.2\bin;;C:\Users\S.IBTAHAJ AHMED\AppData\Local\Programs\Microsoft VS Code\bin;C:\Users\S.IBTAHAJ AHMED\AppData\Roaming\npm;D:\src\flutter\bin;C:\Users\S.IBTAHAJ AHMED\AppData\Local\GitHubDesktop\bin;D:\src\flutter\bin\mingit\cmd
USERNAME=s.ibtahaj ahmed
OS=Windows_NT
PROCESSOR_IDENTIFIER=Intel64 Family 6 Model 58 Stepping 9, GenuineIntel



---------------  S Y S T E M  ---------------

OS:
 Windows 10 , 64 bit Build 19041 (10.0.19041.1706)
OS uptime: 7 days 5:26 hours
Hyper-V role detected

CPU: total 4 (initial active 4) (4 cores per cpu, 1 threads per core) family 6 model 58 stepping 9 microcode 0x21, cx8, cmov, fxsr, mmx, sse, sse2, sse3, ssse3, sse4.1, sse4.2, popcnt, tsc, tscinvbit, avx, aes, erms, clmul, vzeroupper, clflush, hv

Memory: 4k page, system-wide physical 16270M (1541M free)
TotalPageFile size 20717M (AvailPageFile size 93M)
current process WorkingSet (physical memory assigned to process): 10M, peak: 10M
current process commit charge ("private bytes"): 51M, peak: 307M

vm_info: Java HotSpot(TM) 64-Bit Server VM (16.0.2+7-67) for windows-amd64 JRE (16.0.2+7-67), built on Jun  8 2021 23:24:19 by "mach5one" with MS VC++ 16.7 (VS2019)

END.
